<?xml version="1.0" encoding="UTF-8"?>
<testsuite xmlns:xsi="http://www.w3.org/2001/XMLSchema-instance" xsi:noNamespaceSchemaLocation="https://maven.apache.org/surefire/maven-surefire-plugin/xsd/surefire-test-report-3.0.xsd" version="3.0" name="com.openclassrooms.tourguide.TestTourGuideService" time="2.826" tests="5" errors="0" skipped="0" failures="0">
  <properties>
[...]
</properties>
  <testcase name="getUserLocation" classname="com.openclassrooms.tourguide.TestTourGuideService" time="0.077">
    <system-out><![CDATA[18:45:53.115 [main] INFO com.openclassrooms.tourguide.service.TourGuideService -- TestMode enabled
]]></system-out>
  </testcase>
  <testcase name="addUser" classname="com.openclassrooms.tourguide.TestTourGuideService" time="0.001">
    <system-out><![CDATA[18:45:53.193 [main] INFO com.openclassrooms.tourguide.service.TourGuideService -- TestMode enabled
]]></system-out>
  </testcase>
  <testcase name="getAllUsers" classname="com.openclassrooms.tourguide.TestTourGuideService" time="0.001">
    <system-out><![CDATA[18:45:53.196 [main] INFO com.openclassrooms.tourguide.service.TourGuideService -- TestMode enabled
]]></system-out>
  </testcase>
  <testcase name="trackUser" classname="com.openclassrooms.tourguide.TestTourGuideService" time="0.116">
    <system-out><![CDATA[18:45:53.197 [main] INFO com.openclassrooms.tourguide.service.TourGuideService -- TestMode enabled
]]></system-out>
  </testcase>
  <testcase name="getNearbyAttractions" classname="com.openclassrooms.tourguide.TestTourGuideService" time="2.627">
    <system-out><![CDATA[18:45:53.314 [main] INFO com.openclassrooms.tourguide.service.TourGuideService -- TestMode enabled
]]></system-out>
  </testcase>
</testsuite>